2024-09-17T20:41:09.922-05:00  INFO 14548 --- [proyecto_abast] [restartedMain] p.ProyectoAbastApplication               : Starting ProyectoAbastApplication using Java 22.0.2 with PID 14548 (E:\CIBERTEC 2024\2024-II\APLICACIONES WEB\PROYECTO ABAST\proyecto_abast\target\classes started by Usuario in E:\CIBERTEC 2024\2024-II\APLICACIONES WEB\PROYECTO ABAST\proyecto_abast)
2024-09-17T20:41:09.929-05:00  INFO 14548 --- [proyecto_abast] [restartedMain] p.ProyectoAbastApplication               : No active profile set, falling back to 1 default profile: "default"
2024-09-17T20:41:09.975-05:00  INFO 14548 --- [proyecto_abast] [restartedMain] .e.DevToolsPropertyDefaultsPostProcessor : Devtools property defaults active! Set 'spring.devtools.add-properties' to 'false' to disable
2024-09-17T20:41:09.987-05:00  INFO 14548 --- [proyecto_abast] [restartedMain] .e.DevToolsPropertyDefaultsPostProcessor : For additional web related logging consider setting the 'logging.level.web' property to 'DEBUG'
2024-09-17T20:41:10.687-05:00  INFO 14548 --- [proyecto_abast] [restartedMain] .s.d.r.c.RepositoryConfigurationDelegate : Bootstrapping Spring Data JPA repositories in DEFAULT mode.
2024-09-17T20:41:10.751-05:00  INFO 14548 --- [proyecto_abast] [restartedMain] .s.d.r.c.RepositoryConfigurationDelegate : Finished Spring Data repository scanning in 57 ms. Found 8 JPA repository interfaces.
2024-09-17T20:41:11.356-05:00  INFO 14548 --- [proyecto_abast] [restartedMain] o.s.b.w.embedded.tomcat.TomcatWebServer  : Tomcat initialized with port 8082 (http)
2024-09-17T20:41:11.368-05:00  INFO 14548 --- [proyecto_abast] [restartedMain] o.apache.catalina.core.StandardService   : Starting service [Tomcat]
2024-09-17T20:41:11.369-05:00  INFO 14548 --- [proyecto_abast] [restartedMain] o.apache.catalina.core.StandardEngine    : Starting Servlet engine: [Apache Tomcat/10.1.26]
2024-09-17T20:41:11.413-05:00  INFO 14548 --- [proyecto_abast] [restartedMain] o.a.c.c.C.[Tomcat].[localhost].[/]       : Initializing Spring embedded WebApplicationContext
2024-09-17T20:41:11.414-05:00  INFO 14548 --- [proyecto_abast] [restartedMain] w.s.c.ServletWebServerApplicationContext : Root WebApplicationContext: initialization completed in 1427 ms
2024-09-17T20:41:11.544-05:00  INFO 14548 --- [proyecto_abast] [restartedMain] o.hibernate.jpa.internal.util.LogHelper  : HHH000204: Processing PersistenceUnitInfo [name: default]
2024-09-17T20:41:11.607-05:00  INFO 14548 --- [proyecto_abast] [restartedMain] org.hibernate.Version                    : HHH000412: Hibernate ORM core version 6.5.2.Final
2024-09-17T20:41:11.645-05:00  INFO 14548 --- [proyecto_abast] [restartedMain] o.h.c.internal.RegionFactoryInitiator    : HHH000026: Second-level cache disabled
2024-09-17T20:41:11.903-05:00  INFO 14548 --- [proyecto_abast] [restartedMain] o.s.o.j.p.SpringPersistenceUnitInfo      : No LoadTimeWeaver setup: ignoring JPA class transformer
2024-09-17T20:41:11.930-05:00  INFO 14548 --- [proyecto_abast] [restartedMain] com.zaxxer.hikari.HikariDataSource       : HikariPool-1 - Starting...
2024-09-17T20:41:12.285-05:00  INFO 14548 --- [proyecto_abast] [restartedMain] com.zaxxer.hikari.pool.HikariPool        : HikariPool-1 - Added connection com.mysql.cj.jdbc.ConnectionImpl@75cc6146
2024-09-17T20:41:12.286-05:00  INFO 14548 --- [proyecto_abast] [restartedMain] com.zaxxer.hikari.HikariDataSource       : HikariPool-1 - Start completed.
2024-09-17T20:41:12.346-05:00  WARN 14548 --- [proyecto_abast] [restartedMain] org.hibernate.orm.deprecation            : HHH90000025: MySQLDialect does not need to be specified explicitly using 'hibernate.dialect' (remove the property setting and it will be selected by default)
2024-09-17T20:41:13.220-05:00  INFO 14548 --- [proyecto_abast] [restartedMain] o.h.e.t.j.p.i.JtaPlatformInitiator       : HHH000489: No JTA platform available (set 'hibernate.transaction.jta.platform' to enable JTA platform integration)
2024-09-17T20:41:13.324-05:00  INFO 14548 --- [proyecto_abast] [restartedMain] j.LocalContainerEntityManagerFactoryBean : Initialized JPA EntityManagerFactory for persistence unit 'default'
2024-09-17T20:41:13.666-05:00  WARN 14548 --- [proyecto_abast] [restartedMain] JpaBaseConfiguration$JpaWebConfiguration : spring.jpa.open-in-view is enabled by default. Therefore, database queries may be performed during view rendering. Explicitly configure spring.jpa.open-in-view to disable this warning
2024-09-17T20:41:14.006-05:00  INFO 14548 --- [proyecto_abast] [restartedMain] o.s.b.d.a.OptionalLiveReloadServer       : LiveReload server is running on port 35729
2024-09-17T20:41:14.042-05:00  INFO 14548 --- [proyecto_abast] [restartedMain] o.s.b.w.embedded.tomcat.TomcatWebServer  : Tomcat started on port 8082 (http) with context path '/'
2024-09-17T20:41:14.048-05:00  INFO 14548 --- [proyecto_abast] [restartedMain] p.ProyectoAbastApplication               : Started ProyectoAbastApplication in 4.623 seconds (process running for 8.126)
2024-09-17T20:41:32.115-05:00  INFO 14548 --- [proyecto_abast] [http-nio-8082-exec-1] o.a.c.c.C.[Tomcat].[localhost].[/]       : Initializing Spring DispatcherServlet 'dispatcherServlet'
2024-09-17T20:41:32.115-05:00  INFO 14548 --- [proyecto_abast] [http-nio-8082-exec-1] o.s.web.servlet.DispatcherServlet        : Initializing Servlet 'dispatcherServlet'
2024-09-17T20:41:32.116-05:00  INFO 14548 --- [proyecto_abast] [http-nio-8082-exec-1] o.s.web.servlet.DispatcherServlet        : Completed initialization in 1 ms
2024-09-17T20:41:32.516-05:00  WARN 14548 --- [proyecto_abast] [http-nio-8082-exec-1] actStandardFragmentInsertionTagProcessor : [THYMELEAF][http-nio-8082-exec-1][ventaProductos] Deprecated unwrapped fragment expression "header_fragment :: header" found in template ventaProductos, line 18, col 6. Please use the complete syntax of fragment expressions instead ("~{header_fragment :: header}"). The old, unwrapped syntax for fragment expressions will be removed in future versions of Thymeleaf.
2024-09-17T20:42:04.693-05:00  WARN 14548 --- [proyecto_abast] [http-nio-8082-exec-5] actStandardFragmentInsertionTagProcessor : [THYMELEAF][http-nio-8082-exec-5][crudProductos] Deprecated unwrapped fragment expression "header_fragment :: header" found in template crudProductos, line 18, col 6. Please use the complete syntax of fragment expressions instead ("~{header_fragment :: header}"). The old, unwrapped syntax for fragment expressions will be removed in future versions of Thymeleaf.
2024-09-17T20:42:08.208-05:00  WARN 14548 --- [proyecto_abast] [http-nio-8082-exec-8] actStandardFragmentInsertionTagProcessor : [THYMELEAF][http-nio-8082-exec-8][crudProductos] Deprecated unwrapped fragment expression "header_fragment :: header" found in template crudProductos, line 18, col 6. Please use the complete syntax of fragment expressions instead ("~{header_fragment :: header}"). The old, unwrapped syntax for fragment expressions will be removed in future versions of Thymeleaf.
2024-09-17T20:42:09.237-05:00  WARN 14548 --- [proyecto_abast] [http-nio-8082-exec-1] actStandardFragmentInsertionTagProcessor : [THYMELEAF][http-nio-8082-exec-1][crudEditProducto] Deprecated unwrapped fragment expression "header_fragment :: header" found in template crudEditProducto, line 19, col 8. Please use the complete syntax of fragment expressions instead ("~{header_fragment :: header}"). The old, unwrapped syntax for fragment expressions will be removed in future versions of Thymeleaf.
2024-09-17T20:42:39.930-05:00  WARN 14548 --- [proyecto_abast] [http-nio-8082-exec-5] actStandardFragmentInsertionTagProcessor : [THYMELEAF][http-nio-8082-exec-5][crudProductos] Deprecated unwrapped fragment expression "header_fragment :: header" found in template crudProductos, line 18, col 6. Please use the complete syntax of fragment expressions instead ("~{header_fragment :: header}"). The old, unwrapped syntax for fragment expressions will be removed in future versions of Thymeleaf.
2024-09-17T20:42:57.027-05:00  WARN 14548 --- [proyecto_abast] [http-nio-8082-exec-8] actStandardFragmentInsertionTagProcessor : [THYMELEAF][http-nio-8082-exec-8][crudProductos] Deprecated unwrapped fragment expression "header_fragment :: header" found in template crudProductos, line 18, col 6. Please use the complete syntax of fragment expressions instead ("~{header_fragment :: header}"). The old, unwrapped syntax for fragment expressions will be removed in future versions of Thymeleaf.
2024-09-17T20:42:58.091-05:00  WARN 14548 --- [proyecto_abast] [http-nio-8082-exec-1] actStandardFragmentInsertionTagProcessor : [THYMELEAF][http-nio-8082-exec-1][crudProveedores] Deprecated unwrapped fragment expression "header_fragment :: header" found in template crudProveedores, line 18, col 6. Please use the complete syntax of fragment expressions instead ("~{header_fragment :: header}"). The old, unwrapped syntax for fragment expressions will be removed in future versions of Thymeleaf.
2024-09-17T20:43:00.179-05:00  WARN 14548 --- [proyecto_abast] [http-nio-8082-exec-4] actStandardFragmentInsertionTagProcessor : [THYMELEAF][http-nio-8082-exec-4][crudProductos] Deprecated unwrapped fragment expression "header_fragment :: header" found in template crudProductos, line 18, col 6. Please use the complete syntax of fragment expressions instead ("~{header_fragment :: header}"). The old, unwrapped syntax for fragment expressions will be removed in future versions of Thymeleaf.
2024-09-17T20:43:07.837-05:00  WARN 14548 --- [proyecto_abast] [http-nio-8082-exec-6] actStandardFragmentInsertionTagProcessor : [THYMELEAF][http-nio-8082-exec-6][compraProductos] Deprecated unwrapped fragment expression "header_fragment :: header" found in template compraProductos, line 20, col 6. Please use the complete syntax of fragment expressions instead ("~{header_fragment :: header}"). The old, unwrapped syntax for fragment expressions will be removed in future versions of Thymeleaf.
2024-09-17T20:43:09.539-05:00  WARN 14548 --- [proyecto_abast] [http-nio-8082-exec-1] actStandardFragmentInsertionTagProcessor : [THYMELEAF][http-nio-8082-exec-1][listarCtrlReposiciones] Deprecated unwrapped fragment expression "header_fragment :: header" found in template listarCtrlReposiciones, line 18, col 6. Please use the complete syntax of fragment expressions instead ("~{header_fragment :: header}"). The old, unwrapped syntax for fragment expressions will be removed in future versions of Thymeleaf.
2024-09-17T20:43:19.008-05:00  WARN 14548 --- [proyecto_abast] [http-nio-8082-exec-4] actStandardFragmentInsertionTagProcessor : [THYMELEAF][http-nio-8082-exec-4][ventaProductos] Deprecated unwrapped fragment expression "header_fragment :: header" found in template ventaProductos, line 18, col 6. Please use the complete syntax of fragment expressions instead ("~{header_fragment :: header}"). The old, unwrapped syntax for fragment expressions will be removed in future versions of Thymeleaf.
2024-09-17T20:43:21.020-05:00  WARN 14548 --- [proyecto_abast] [http-nio-8082-exec-6] actStandardFragmentInsertionTagProcessor : [THYMELEAF][http-nio-8082-exec-6][crudClientes] Deprecated unwrapped fragment expression "header_fragment :: header" found in template crudClientes, line 18, col 6. Please use the complete syntax of fragment expressions instead ("~{header_fragment :: header}"). The old, unwrapped syntax for fragment expressions will be removed in future versions of Thymeleaf.
2024-09-17T20:43:28.828-05:00  WARN 14548 --- [proyecto_abast] [http-nio-8082-exec-9] actStandardFragmentInsertionTagProcessor : [THYMELEAF][http-nio-8082-exec-9][crudClientes] Deprecated unwrapped fragment expression "header_fragment :: header" found in template crudClientes, line 18, col 6. Please use the complete syntax of fragment expressions instead ("~{header_fragment :: header}"). The old, unwrapped syntax for fragment expressions will be removed in future versions of Thymeleaf.
2024-09-17T20:49:08.445-05:00  INFO 14548 --- [proyecto_abast] [SpringApplicationShutdownHook] j.LocalContainerEntityManagerFactoryBean : Closing JPA EntityManagerFactory for persistence unit 'default'
2024-09-17T20:49:08.448-05:00  INFO 14548 --- [proyecto_abast] [SpringApplicationShutdownHook] com.zaxxer.hikari.HikariDataSource       : HikariPool-1 - Shutdown initiated...
2024-09-17T20:49:08.454-05:00  INFO 14548 --- [proyecto_abast] [SpringApplicationShutdownHook] com.zaxxer.hikari.HikariDataSource       : HikariPool-1 - Shutdown completed.
2024-09-17T20:56:15.807-05:00  INFO 4968 --- [proyecto_abast] [restartedMain] p.ProyectoAbastApplication               : Starting ProyectoAbastApplication using Java 22.0.1 with PID 4968 (C:\CIBERTEC\Sexto Ciclo 2024-02\Desarrollo de Aplicaciones Web II\proyecto_abast\target\classes started by reyes in C:\CIBERTEC\Sexto Ciclo 2024-02\Desarrollo de Aplicaciones Web II\proyecto_abast)
2024-09-17T20:56:15.809-05:00  INFO 4968 --- [proyecto_abast] [restartedMain] p.ProyectoAbastApplication               : No active profile set, falling back to 1 default profile: "default"
2024-09-17T20:56:15.856-05:00  INFO 4968 --- [proyecto_abast] [restartedMain] .e.DevToolsPropertyDefaultsPostProcessor : Devtools property defaults active! Set 'spring.devtools.add-properties' to 'false' to disable
2024-09-17T20:56:15.857-05:00  INFO 4968 --- [proyecto_abast] [restartedMain] .e.DevToolsPropertyDefaultsPostProcessor : For additional web related logging consider setting the 'logging.level.web' property to 'DEBUG'
2024-09-17T20:56:16.799-05:00  INFO 4968 --- [proyecto_abast] [restartedMain] .s.d.r.c.RepositoryConfigurationDelegate : Bootstrapping Spring Data JPA repositories in DEFAULT mode.
2024-09-17T20:56:16.876-05:00  INFO 4968 --- [proyecto_abast] [restartedMain] .s.d.r.c.RepositoryConfigurationDelegate : Finished Spring Data repository scanning in 71 ms. Found 8 JPA repository interfaces.
2024-09-17T20:56:17.513-05:00  INFO 4968 --- [proyecto_abast] [restartedMain] o.s.b.w.embedded.tomcat.TomcatWebServer  : Tomcat initialized with port 8082 (http)
2024-09-17T20:56:17.529-05:00  INFO 4968 --- [proyecto_abast] [restartedMain] o.apache.catalina.core.StandardService   : Starting service [Tomcat]
2024-09-17T20:56:17.529-05:00  INFO 4968 --- [proyecto_abast] [restartedMain] o.apache.catalina.core.StandardEngine    : Starting Servlet engine: [Apache Tomcat/10.1.26]
2024-09-17T20:56:17.585-05:00  INFO 4968 --- [proyecto_abast] [restartedMain] o.a.c.c.C.[Tomcat].[localhost].[/]       : Initializing Spring embedded WebApplicationContext
2024-09-17T20:56:17.585-05:00  INFO 4968 --- [proyecto_abast] [restartedMain] w.s.c.ServletWebServerApplicationContext : Root WebApplicationContext: initialization completed in 1728 ms
2024-09-17T20:56:17.761-05:00  INFO 4968 --- [proyecto_abast] [restartedMain] o.hibernate.jpa.internal.util.LogHelper  : HHH000204: Processing PersistenceUnitInfo [name: default]
2024-09-17T20:56:17.872-05:00  INFO 4968 --- [proyecto_abast] [restartedMain] org.hibernate.Version                    : HHH000412: Hibernate ORM core version 6.5.2.Final
2024-09-17T20:56:17.931-05:00  INFO 4968 --- [proyecto_abast] [restartedMain] o.h.c.internal.RegionFactoryInitiator    : HHH000026: Second-level cache disabled
2024-09-17T20:56:18.296-05:00  INFO 4968 --- [proyecto_abast] [restartedMain] o.s.o.j.p.SpringPersistenceUnitInfo      : No LoadTimeWeaver setup: ignoring JPA class transformer
2024-09-17T20:56:18.335-05:00  INFO 4968 --- [proyecto_abast] [restartedMain] com.zaxxer.hikari.HikariDataSource       : HikariPool-1 - Starting...
2024-09-17T20:56:18.659-05:00  INFO 4968 --- [proyecto_abast] [restartedMain] com.zaxxer.hikari.pool.HikariPool        : HikariPool-1 - Added connection com.mysql.cj.jdbc.ConnectionImpl@25069569
2024-09-17T20:56:18.661-05:00  INFO 4968 --- [proyecto_abast] [restartedMain] com.zaxxer.hikari.HikariDataSource       : HikariPool-1 - Start completed.
2024-09-17T20:56:18.722-05:00  WARN 4968 --- [proyecto_abast] [restartedMain] org.hibernate.orm.deprecation            : HHH90000025: MySQLDialect does not need to be specified explicitly using 'hibernate.dialect' (remove the property setting and it will be selected by default)
2024-09-17T20:56:19.968-05:00  INFO 4968 --- [proyecto_abast] [restartedMain] o.h.e.t.j.p.i.JtaPlatformInitiator       : HHH000489: No JTA platform available (set 'hibernate.transaction.jta.platform' to enable JTA platform integration)
2024-09-17T20:56:21.079-05:00  INFO 4968 --- [proyecto_abast] [restartedMain] j.LocalContainerEntityManagerFactoryBean : Initialized JPA EntityManagerFactory for persistence unit 'default'
2024-09-17T20:56:21.566-05:00  WARN 4968 --- [proyecto_abast] [restartedMain] JpaBaseConfiguration$JpaWebConfiguration : spring.jpa.open-in-view is enabled by default. Therefore, database queries may be performed during view rendering. Explicitly configure spring.jpa.open-in-view to disable this warning
2024-09-17T20:56:22.020-05:00  INFO 4968 --- [proyecto_abast] [restartedMain] o.s.b.d.a.OptionalLiveReloadServer       : LiveReload server is running on port 35729
2024-09-17T20:56:22.057-05:00  INFO 4968 --- [proyecto_abast] [restartedMain] o.s.b.w.embedded.tomcat.TomcatWebServer  : Tomcat started on port 8082 (http) with context path '/'
2024-09-17T20:56:22.063-05:00  INFO 4968 --- [proyecto_abast] [restartedMain] p.ProyectoAbastApplication               : Started ProyectoAbastApplication in 6.722 seconds (process running for 8.924)
2024-09-17T20:56:26.557-05:00  INFO 4968 --- [proyecto_abast] [File Watcher] rtingClassPathChangeChangedEventListener : Restarting due to 40 class path changes (0 additions, 39 deletions, 1 modification)
2024-09-17T20:56:26.576-05:00  INFO 4968 --- [proyecto_abast] [Thread-5] j.LocalContainerEntityManagerFactoryBean : Closing JPA EntityManagerFactory for persistence unit 'default'
2024-09-17T20:56:26.583-05:00  INFO 4968 --- [proyecto_abast] [Thread-5] com.zaxxer.hikari.HikariDataSource       : HikariPool-1 - Shutdown initiated...
2024-09-17T20:56:26.594-05:00  INFO 4968 --- [proyecto_abast] [Thread-5] com.zaxxer.hikari.HikariDataSource       : HikariPool-1 - Shutdown completed.
2024-09-17T20:56:26.760-05:00  INFO 4968 --- [proyecto_abast] [restartedMain] p.ProyectoAbastApplication               : Starting ProyectoAbastApplication using Java 22.0.1 with PID 4968 (C:\CIBERTEC\Sexto Ciclo 2024-02\Desarrollo de Aplicaciones Web II\proyecto_abast\target\classes started by reyes in C:\CIBERTEC\Sexto Ciclo 2024-02\Desarrollo de Aplicaciones Web II\proyecto_abast)
2024-09-17T20:56:26.760-05:00  INFO 4968 --- [proyecto_abast] [restartedMain] p.ProyectoAbastApplication               : No active profile set, falling back to 1 default profile: "default"
2024-09-17T20:56:27.155-05:00  INFO 4968 --- [proyecto_abast] [restartedMain] .s.d.r.c.RepositoryConfigurationDelegate : Bootstrapping Spring Data JPA repositories in DEFAULT mode.
2024-09-17T20:56:27.157-05:00  INFO 4968 --- [proyecto_abast] [restartedMain] .s.d.r.c.RepositoryConfigurationDelegate : Finished Spring Data repository scanning in 1 ms. Found 0 JPA repository interfaces.
2024-09-17T20:56:27.327-05:00  INFO 4968 --- [proyecto_abast] [restartedMain] o.s.b.w.embedded.tomcat.TomcatWebServer  : Tomcat initialized with port 8082 (http)
2024-09-17T20:56:27.328-05:00  INFO 4968 --- [proyecto_abast] [restartedMain] o.apache.catalina.core.StandardService   : Starting service [Tomcat]
2024-09-17T20:56:27.328-05:00  INFO 4968 --- [proyecto_abast] [restartedMain] o.apache.catalina.core.StandardEngine    : Starting Servlet engine: [Apache Tomcat/10.1.26]
2024-09-17T20:56:27.373-05:00  INFO 4968 --- [proyecto_abast] [restartedMain] o.a.c.c.C.[Tomcat].[localhost].[/]       : Initializing Spring embedded WebApplicationContext
2024-09-17T20:56:27.373-05:00  INFO 4968 --- [proyecto_abast] [restartedMain] w.s.c.ServletWebServerApplicationContext : Root WebApplicationContext: initialization completed in 609 ms
2024-09-17T20:56:27.436-05:00  INFO 4968 --- [proyecto_abast] [restartedMain] o.hibernate.jpa.internal.util.LogHelper  : HHH000204: Processing PersistenceUnitInfo [name: default]
2024-09-17T20:56:27.442-05:00  INFO 4968 --- [proyecto_abast] [restartedMain] o.h.c.internal.RegionFactoryInitiator    : HHH000026: Second-level cache disabled
2024-09-17T20:56:27.454-05:00  INFO 4968 --- [proyecto_abast] [restartedMain] o.s.o.j.p.SpringPersistenceUnitInfo      : No LoadTimeWeaver setup: ignoring JPA class transformer
2024-09-17T20:56:27.457-05:00  INFO 4968 --- [proyecto_abast] [restartedMain] com.zaxxer.hikari.HikariDataSource       : HikariPool-2 - Starting...
2024-09-17T20:56:27.475-05:00  INFO 4968 --- [proyecto_abast] [restartedMain] com.zaxxer.hikari.pool.HikariPool        : HikariPool-2 - Added connection com.mysql.cj.jdbc.ConnectionImpl@db13c72
2024-09-17T20:56:27.476-05:00  INFO 4968 --- [proyecto_abast] [restartedMain] com.zaxxer.hikari.HikariDataSource       : HikariPool-2 - Start completed.
2024-09-17T20:56:27.478-05:00  WARN 4968 --- [proyecto_abast] [restartedMain] org.hibernate.orm.deprecation            : HHH90000025: MySQLDialect does not need to be specified explicitly using 'hibernate.dialect' (remove the property setting and it will be selected by default)
2024-09-17T20:56:27.509-05:00  INFO 4968 --- [proyecto_abast] [restartedMain] o.h.e.t.j.p.i.JtaPlatformInitiator       : HHH000489: No JTA platform available (set 'hibernate.transaction.jta.platform' to enable JTA platform integration)
2024-09-17T20:56:27.510-05:00  INFO 4968 --- [proyecto_abast] [restartedMain] j.LocalContainerEntityManagerFactoryBean : Initialized JPA EntityManagerFactory for persistence unit 'default'
2024-09-17T20:56:27.543-05:00  WARN 4968 --- [proyecto_abast] [restartedMain] JpaBaseConfiguration$JpaWebConfiguration : spring.jpa.open-in-view is enabled by default. Therefore, database queries may be performed during view rendering. Explicitly configure spring.jpa.open-in-view to disable this warning
2024-09-17T20:56:27.727-05:00  INFO 4968 --- [proyecto_abast] [restartedMain] o.s.b.d.a.OptionalLiveReloadServer       : LiveReload server is running on port 35729
2024-09-17T20:56:27.743-05:00  INFO 4968 --- [proyecto_abast] [restartedMain] o.s.b.w.embedded.tomcat.TomcatWebServer  : Tomcat started on port 8082 (http) with context path '/'
2024-09-17T20:56:27.749-05:00  INFO 4968 --- [proyecto_abast] [restartedMain] p.ProyectoAbastApplication               : Started ProyectoAbastApplication in 1.06 seconds (process running for 14.61)
2024-09-17T20:56:27.753-05:00  INFO 4968 --- [proyecto_abast] [restartedMain] .ConditionEvaluationDeltaLoggingListener : Condition evaluation unchanged
2024-09-17T20:56:30.649-05:00  INFO 4968 --- [proyecto_abast] [File Watcher] rtingClassPathChangeChangedEventListener : Restarting due to 39 class path changes (39 additions, 0 deletions, 0 modifications)
2024-09-17T20:56:30.658-05:00  INFO 4968 --- [proyecto_abast] [Thread-7] j.LocalContainerEntityManagerFactoryBean : Closing JPA EntityManagerFactory for persistence unit 'default'
2024-09-17T20:56:30.659-05:00  INFO 4968 --- [proyecto_abast] [Thread-7] com.zaxxer.hikari.HikariDataSource       : HikariPool-2 - Shutdown initiated...
2024-09-17T20:56:30.664-05:00  INFO 4968 --- [proyecto_abast] [Thread-7] com.zaxxer.hikari.HikariDataSource       : HikariPool-2 - Shutdown completed.
2024-09-17T20:56:30.751-05:00  INFO 4968 --- [proyecto_abast] [restartedMain] p.ProyectoAbastApplication               : Starting ProyectoAbastApplication using Java 22.0.1 with PID 4968 (C:\CIBERTEC\Sexto Ciclo 2024-02\Desarrollo de Aplicaciones Web II\proyecto_abast\target\classes started by reyes in C:\CIBERTEC\Sexto Ciclo 2024-02\Desarrollo de Aplicaciones Web II\proyecto_abast)
2024-09-17T20:56:30.751-05:00  INFO 4968 --- [proyecto_abast] [restartedMain] p.ProyectoAbastApplication               : No active profile set, falling back to 1 default profile: "default"
2024-09-17T20:56:31.009-05:00  INFO 4968 --- [proyecto_abast] [restartedMain] .s.d.r.c.RepositoryConfigurationDelegate : Bootstrapping Spring Data JPA repositories in DEFAULT mode.
2024-09-17T20:56:31.045-05:00  INFO 4968 --- [proyecto_abast] [restartedMain] .s.d.r.c.RepositoryConfigurationDelegate : Finished Spring Data repository scanning in 35 ms. Found 8 JPA repository interfaces.
2024-09-17T20:56:31.149-05:00  INFO 4968 --- [proyecto_abast] [restartedMain] o.s.b.w.embedded.tomcat.TomcatWebServer  : Tomcat initialized with port 8082 (http)
2024-09-17T20:56:31.150-05:00  INFO 4968 --- [proyecto_abast] [restartedMain] o.apache.catalina.core.StandardService   : Starting service [Tomcat]
2024-09-17T20:56:31.151-05:00  INFO 4968 --- [proyecto_abast] [restartedMain] o.apache.catalina.core.StandardEngine    : Starting Servlet engine: [Apache Tomcat/10.1.26]
2024-09-17T20:56:31.175-05:00  INFO 4968 --- [proyecto_abast] [restartedMain] o.a.c.c.C.[Tomcat].[localhost].[/]       : Initializing Spring embedded WebApplicationContext
2024-09-17T20:56:31.175-05:00  INFO 4968 --- [proyecto_abast] [restartedMain] w.s.c.ServletWebServerApplicationContext : Root WebApplicationContext: initialization completed in 422 ms
2024-09-17T20:56:31.209-05:00  INFO 4968 --- [proyecto_abast] [restartedMain] o.hibernate.jpa.internal.util.LogHelper  : HHH000204: Processing PersistenceUnitInfo [name: default]
2024-09-17T20:56:31.212-05:00  INFO 4968 --- [proyecto_abast] [restartedMain] o.h.c.internal.RegionFactoryInitiator    : HHH000026: Second-level cache disabled
2024-09-17T20:56:31.224-05:00  INFO 4968 --- [proyecto_abast] [restartedMain] o.s.o.j.p.SpringPersistenceUnitInfo      : No LoadTimeWeaver setup: ignoring JPA class transformer
2024-09-17T20:56:31.226-05:00  INFO 4968 --- [proyecto_abast] [restartedMain] com.zaxxer.hikari.HikariDataSource       : HikariPool-3 - Starting...
2024-09-17T20:56:31.240-05:00  INFO 4968 --- [proyecto_abast] [restartedMain] com.zaxxer.hikari.pool.HikariPool        : HikariPool-3 - Added connection com.mysql.cj.jdbc.ConnectionImpl@644b52e5
2024-09-17T20:56:31.240-05:00  INFO 4968 --- [proyecto_abast] [restartedMain] com.zaxxer.hikari.HikariDataSource       : HikariPool-3 - Start completed.
2024-09-17T20:56:31.242-05:00  WARN 4968 --- [proyecto_abast] [restartedMain] org.hibernate.orm.deprecation            : HHH90000025: MySQLDialect does not need to be specified explicitly using 'hibernate.dialect' (remove the property setting and it will be selected by default)
2024-09-17T20:56:31.466-05:00  INFO 4968 --- [proyecto_abast] [restartedMain] o.h.e.t.j.p.i.JtaPlatformInitiator       : HHH000489: No JTA platform available (set 'hibernate.transaction.jta.platform' to enable JTA platform integration)
2024-09-17T20:56:31.529-05:00  INFO 4968 --- [proyecto_abast] [restartedMain] j.LocalContainerEntityManagerFactoryBean : Initialized JPA EntityManagerFactory for persistence unit 'default'
2024-09-17T20:56:31.728-05:00  WARN 4968 --- [proyecto_abast] [restartedMain] JpaBaseConfiguration$JpaWebConfiguration : spring.jpa.open-in-view is enabled by default. Therefore, database queries may be performed during view rendering. Explicitly configure spring.jpa.open-in-view to disable this warning
2024-09-17T20:56:31.868-05:00  INFO 4968 --- [proyecto_abast] [restartedMain] o.s.b.d.a.OptionalLiveReloadServer       : LiveReload server is running on port 35729
2024-09-17T20:56:31.887-05:00  INFO 4968 --- [proyecto_abast] [restartedMain] o.s.b.w.embedded.tomcat.TomcatWebServer  : Tomcat started on port 8082 (http) with context path '/'
2024-09-17T20:56:31.891-05:00  INFO 4968 --- [proyecto_abast] [restartedMain] p.ProyectoAbastApplication               : Started ProyectoAbastApplication in 1.174 seconds (process running for 18.752)
2024-09-17T20:56:31.892-05:00  INFO 4968 --- [proyecto_abast] [restartedMain] .ConditionEvaluationDeltaLoggingListener : Condition evaluation unchanged
2024-09-17T20:56:32.058-05:00  INFO 4968 --- [proyecto_abast] [http-nio-8082-exec-1] o.a.c.c.C.[Tomcat].[localhost].[/]       : Initializing Spring DispatcherServlet 'dispatcherServlet'
2024-09-17T20:56:32.058-05:00  INFO 4968 --- [proyecto_abast] [http-nio-8082-exec-1] o.s.web.servlet.DispatcherServlet        : Initializing Servlet 'dispatcherServlet'
2024-09-17T20:56:32.059-05:00  INFO 4968 --- [proyecto_abast] [http-nio-8082-exec-1] o.s.web.servlet.DispatcherServlet        : Completed initialization in 1 ms
